<!DOCTYPE html>

<html>
  <head>
  <meta charset='utf-8'>
  <title>TestNG reports</title>

    <link type="text/css" href="testng-reports1.css" rel="stylesheet" id="ultra" />
    <link type="text/css" href="testng-reports.css" rel="stylesheet" id="retro" disabled="false"/>
    <script type="text/javascript" src="jquery-3.6.0.min.js"></script>
    <script type="text/javascript" src="testng-reports.js"></script>
    <script type="text/javascript" src="https://www.google.com/jsapi"></script>
    <script type='text/javascript'>
      google.load('visualization', '1', {packages:['table']});
      google.setOnLoadCallback(drawTable);
      var suiteTableInitFunctions = new Array();
      var suiteTableData = new Array();
    </script>
    <!--
      <script type="text/javascript" src="jquery-ui/js/jquery-ui-1.8.16.custom.min.js"></script>
     -->
  </head>

  <body>    <div class="top-banner-root">
      <span class="top-banner-title-font">Test results</span>
      <button id="button" class="button">Switch Retro Theme</button> <!-- button -->
      <br/>
      <span class="top-banner-font-1">1 suite, 10 failed tests</span>
    </div> <!-- top-banner-root -->
    <div class="navigator-root">
      <div class="navigator-suite-header">
        <span>All suites</span>
        <a href="#" title="Collapse/expand all the suites" class="collapse-all-link">
          <img src="collapseall.gif" class="collapse-all-icon">
          </img> <!-- collapse-all-icon -->
        </a> <!-- collapse-all-link -->
      </div> <!-- navigator-suite-header -->
      <div class="suite">
        <div class="rounded-window">
          <div class="suite-header light-rounded-window-top">
            <a href="#" panel-name="suite-EndToEnd_Suite" class="navigator-link">
              <span class="suite-name border-failed">EndToEnd Suite</span>
            </a> <!-- navigator-link -->
          </div> <!-- suite-header light-rounded-window-top -->
          <div class="navigator-suite-content">
            <div class="suite-section-title">
              <span>Info</span>
            </div> <!-- suite-section-title -->
            <div class="suite-section-content">
              <ul>
                <li>
                  <a href="#" panel-name="test-xml-EndToEnd_Suite" class="navigator-link ">
                    <span>D:\DEPI\GradProject1\GradProject\Automation_code\swagLabs\src\main\resources\testng.xml</span>
                  </a> <!-- navigator-link  -->
                </li>
                <li>
                  <a href="#" panel-name="testlist-EndToEnd_Suite" class="navigator-link ">
                    <span class="test-stats">1 test</span>
                  </a> <!-- navigator-link  -->
                </li>
                <li>
                  <a href="#" panel-name="group-EndToEnd_Suite" class="navigator-link ">
                    <span>0 groups</span>
                  </a> <!-- navigator-link  -->
                </li>
                <li>
                  <a href="#" panel-name="times-EndToEnd_Suite" class="navigator-link ">
                    <span>Times</span>
                  </a> <!-- navigator-link  -->
                </li>
                <li>
                  <a href="#" panel-name="reporter-EndToEnd_Suite" class="navigator-link ">
                    <span>Reporter output</span>
                  </a> <!-- navigator-link  -->
                </li>
                <li>
                  <a href="#" panel-name="ignored-methods-EndToEnd_Suite" class="navigator-link ">
                    <span>Ignored methods</span>
                  </a> <!-- navigator-link  -->
                </li>
                <li>
                  <a href="#" panel-name="chronological-EndToEnd_Suite" class="navigator-link ">
                    <span>Chronological view</span>
                  </a> <!-- navigator-link  -->
                </li>
              </ul>
            </div> <!-- suite-section-content -->
            <div class="result-section">
              <div class="suite-section-title">
                <span>Results</span>
              </div> <!-- suite-section-title -->
              <div class="suite-section-content">
                <ul>
                  <li>
                    <span class="method-stats">30 methods, 10 failed,  1 skipped,  19 passed</span>
                  </li>
                  <li>
                    <span class="method-list-title failed">Failed methods</span>
                    <span class="show-or-hide-methods failed">
                      <a href="#" panel-name="suite-EndToEnd_Suite" class="hide-methods failed suite-EndToEnd_Suite"> (hide)</a> <!-- hide-methods failed suite-EndToEnd_Suite -->
                      <a href="#" panel-name="suite-EndToEnd_Suite" class="show-methods failed suite-EndToEnd_Suite"> (show)</a> <!-- show-methods failed suite-EndToEnd_Suite -->
                    </span>
                    <div class="method-list-content failed suite-EndToEnd_Suite">
                      <span>
                        <img src="failed.png" width="3%"/>
                        <a href="#" panel-name="suite-EndToEnd_Suite" title="end_to_end_testing.HomeProductCartTests" class="method navigator-link" hash-for-method="ResetAppState(standard_user, secret_sauce)">ResetAppState(standard_user, secret_sauce)</a> <!-- method navigator-link -->
                      </span>
                      <br/>
                      <span>
                        <img src="failed.png" width="3%"/>
                        <a href="#" panel-name="suite-EndToEnd_Suite" title="end_to_end_testing.HomeProductCartTests" class="method navigator-link" hash-for-method="ResetAppState(problem_user, secret_sauce)">ResetAppState(problem_user, secret_sauce)</a> <!-- method navigator-link -->
                      </span>
                      <br/>
                      <span>
                        <img src="failed.png" width="3%"/>
                        <a href="#" panel-name="suite-EndToEnd_Suite" title="end_to_end_testing.LoginHomeTest" class="method navigator-link" hash-for-method="closeSideBar">closeSideBar</a> <!-- method navigator-link -->
                      </span>
                      <br/>
                      <span>
                        <img src="failed.png" width="3%"/>
                        <a href="#" panel-name="suite-EndToEnd_Suite" title="end_to_end_testing.LoginHomeTest" class="method navigator-link" hash-for-method="openSideBar">openSideBar</a> <!-- method navigator-link -->
                      </span>
                      <br/>
                      <span>
                        <img src="failed.png" width="3%"/>
                        <a href="#" panel-name="suite-EndToEnd_Suite" title="end_to_end_testing.HomeProductCartTests" class="method navigator-link" hash-for-method="removeProductAndVerifyCart(problem_user, secret_sauce)">removeProductAndVerifyCart(problem_user, secret_sauce)</a> <!-- method navigator-link -->
                      </span>
                      <br/>
                      <span>
                        <img src="failed.png" width="3%"/>
                        <a href="#" panel-name="suite-EndToEnd_Suite" title="end_to_end_testing.HomeProductCartTests" class="method navigator-link" hash-for-method="removeProductAndVerifyCart(standard_user, secret_sauce)">removeProductAndVerifyCart(standard_user, secret_sauce)</a> <!-- method navigator-link -->
                      </span>
                      <br/>
                      <span>
                        <img src="failed.png" width="3%"/>
                        <a href="#" panel-name="suite-EndToEnd_Suite" title="end_to_end_testing.LoginHomeTest" class="method navigator-link" hash-for-method="testAboutLink(standard_user, secret_sauce)">testAboutLink(standard_user, secret_sauce)</a> <!-- method navigator-link -->
                      </span>
                      <br/>
                      <span>
                        <img src="failed.png" width="3%"/>
                        <a href="#" panel-name="suite-EndToEnd_Suite" title="end_to_end_testing.LoginHomeTest" class="method navigator-link" hash-for-method="testAllItemsLink(problem_user, secret_sauce)">testAllItemsLink(problem_user, secret_sauce)</a> <!-- method navigator-link -->
                      </span>
                      <br/>
                      <span>
                        <img src="failed.png" width="3%"/>
                        <a href="#" panel-name="suite-EndToEnd_Suite" title="end_to_end_testing.LoginHomeTest" class="method navigator-link" hash-for-method="testResetLink(standard_user, secret_sauce)">testResetLink(standard_user, secret_sauce)</a> <!-- method navigator-link -->
                      </span>
                      <br/>
                      <span>
                        <img src="failed.png" width="3%"/>
                        <a href="#" panel-name="suite-EndToEnd_Suite" title="end_to_end_testing.LoginHomeTest" class="method navigator-link" hash-for-method="testSideBarList(problem_user, secret_sauce)">testSideBarList(problem_user, secret_sauce)</a> <!-- method navigator-link -->
                      </span>
                      <br/>
                    </div> <!-- method-list-content failed suite-EndToEnd_Suite -->
                  </li>
                  <li>
                    <span class="method-list-title skipped">Skipped methods</span>
                    <span class="show-or-hide-methods skipped">
                      <a href="#" panel-name="suite-EndToEnd_Suite" class="hide-methods skipped suite-EndToEnd_Suite"> (hide)</a> <!-- hide-methods skipped suite-EndToEnd_Suite -->
                      <a href="#" panel-name="suite-EndToEnd_Suite" class="show-methods skipped suite-EndToEnd_Suite"> (show)</a> <!-- show-methods skipped suite-EndToEnd_Suite -->
                    </span>
                    <div class="method-list-content skipped suite-EndToEnd_Suite">
                      <span>
                        <img src="skipped.png" width="3%"/>
                        <a href="#" panel-name="suite-EndToEnd_Suite" title="end_to_end_testing.LoginHomeTest" class="method navigator-link" hash-for-method="delay">delay</a> <!-- method navigator-link -->
                      </span>
                      <br/>
                    </div> <!-- method-list-content skipped suite-EndToEnd_Suite -->
                  </li>
                  <li>
                    <span class="method-list-title passed">Passed methods</span>
                    <span class="show-or-hide-methods passed">
                      <a href="#" panel-name="suite-EndToEnd_Suite" class="hide-methods passed suite-EndToEnd_Suite"> (hide)</a> <!-- hide-methods passed suite-EndToEnd_Suite -->
                      <a href="#" panel-name="suite-EndToEnd_Suite" class="show-methods passed suite-EndToEnd_Suite"> (show)</a> <!-- show-methods passed suite-EndToEnd_Suite -->
                    </span>
                    <div class="method-list-content passed suite-EndToEnd_Suite">
                      <span>
                        <img src="passed.png" width="3%"/>
                        <a href="#" panel-name="suite-EndToEnd_Suite" title="end_to_end_testing.HomeProductCartTests" class="method navigator-link" hash-for-method="FilterPriceLowToHighAndVerify(standard_user, secret_sauce)">FilterPriceLowToHighAndVerify(standard_user, secret_sauce)</a> <!-- method navigator-link -->
                      </span>
                      <br/>
                      <span>
                        <img src="passed.png" width="3%"/>
                        <a href="#" panel-name="suite-EndToEnd_Suite" title="end_to_end_testing.HomeProductCartTests" class="method navigator-link" hash-for-method="FilterPriceLowToHighAndVerify(problem_user, secret_sauce)">FilterPriceLowToHighAndVerify(problem_user, secret_sauce)</a> <!-- method navigator-link -->
                      </span>
                      <br/>
                      <span>
                        <img src="passed.png" width="3%"/>
                        <a href="#" panel-name="suite-EndToEnd_Suite" title="end_to_end_testing.HomeProductCartTests" class="method navigator-link" hash-for-method="FilterZToAAndVerify(problem_user, secret_sauce)">FilterZToAAndVerify(problem_user, secret_sauce)</a> <!-- method navigator-link -->
                      </span>
                      <br/>
                      <span>
                        <img src="passed.png" width="3%"/>
                        <a href="#" panel-name="suite-EndToEnd_Suite" title="end_to_end_testing.HomeProductCartTests" class="method navigator-link" hash-for-method="FilterZToAAndVerify(standard_user, secret_sauce)">FilterZToAAndVerify(standard_user, secret_sauce)</a> <!-- method navigator-link -->
                      </span>
                      <br/>
                      <span>
                        <img src="passed.png" width="3%"/>
                        <a href="#" panel-name="suite-EndToEnd_Suite" title="end_to_end_testing.HomeProductCartTests" class="method navigator-link" hash-for-method="ViewDetailPageAndAddFirstProduct(problem_user, secret_sauce)">ViewDetailPageAndAddFirstProduct(problem_user, secret_sauce)</a> <!-- method navigator-link -->
                      </span>
                      <br/>
                      <span>
                        <img src="passed.png" width="3%"/>
                        <a href="#" panel-name="suite-EndToEnd_Suite" title="end_to_end_testing.HomeProductCartTests" class="method navigator-link" hash-for-method="ViewDetailPageAndAddFirstProduct(standard_user, secret_sauce)">ViewDetailPageAndAddFirstProduct(standard_user, secret_sauce)</a> <!-- method navigator-link -->
                      </span>
                      <br/>
                      <span>
                        <img src="passed.png" width="3%"/>
                        <a href="#" panel-name="suite-EndToEnd_Suite" title="end_to_end_testing.HomeProductCartTests" class="method navigator-link" hash-for-method="ViewDetailPageAndAddSecondProduct(standard_user, secret_sauce)">ViewDetailPageAndAddSecondProduct(standard_user, secret_sauce)</a> <!-- method navigator-link -->
                      </span>
                      <br/>
                      <span>
                        <img src="passed.png" width="3%"/>
                        <a href="#" panel-name="suite-EndToEnd_Suite" title="end_to_end_testing.HomeProductCartTests" class="method navigator-link" hash-for-method="ViewDetailPageAndAddSecondProduct(problem_user, secret_sauce)">ViewDetailPageAndAddSecondProduct(problem_user, secret_sauce)</a> <!-- method navigator-link -->
                      </span>
                      <br/>
                      <span>
                        <img src="passed.png" width="3%"/>
                        <a href="#" panel-name="suite-EndToEnd_Suite" title="end_to_end_testing.HomeProductCartTests" class="method navigator-link" hash-for-method="ViewDetailPageAndAddThirdProduct(problem_user, secret_sauce)">ViewDetailPageAndAddThirdProduct(problem_user, secret_sauce)</a> <!-- method navigator-link -->
                      </span>
                      <br/>
                      <span>
                        <img src="passed.png" width="3%"/>
                        <a href="#" panel-name="suite-EndToEnd_Suite" title="end_to_end_testing.HomeProductCartTests" class="method navigator-link" hash-for-method="ViewDetailPageAndAddThirdProduct(standard_user, secret_sauce)">ViewDetailPageAndAddThirdProduct(standard_user, secret_sauce)</a> <!-- method navigator-link -->
                      </span>
                      <br/>
                      <span>
                        <img src="passed.png" width="3%"/>
                        <a href="#" panel-name="suite-EndToEnd_Suite" title="end_to_end_testing.CartCheckOutTests" class="method navigator-link" hash-for-method="checkoutFlowMissingLastName">checkoutFlowMissingLastName</a> <!-- method navigator-link -->
                      </span>
                      <br/>
                      <span>
                        <img src="passed.png" width="3%"/>
                        <a href="#" panel-name="suite-EndToEnd_Suite" title="end_to_end_testing.CartCheckOutTests" class="method navigator-link" hash-for-method="checkoutFlowMissingPostalCode">checkoutFlowMissingPostalCode</a> <!-- method navigator-link -->
                      </span>
                      <br/>
                      <span>
                        <img src="passed.png" width="3%"/>
                        <a href="#" panel-name="suite-EndToEnd_Suite" title="end_to_end_testing.CartCheckOutTests" class="method navigator-link" hash-for-method="checkoutFlowValidUser">checkoutFlowValidUser</a> <!-- method navigator-link -->
                      </span>
                      <br/>
                      <span>
                        <img src="passed.png" width="3%"/>
                        <a href="#" panel-name="suite-EndToEnd_Suite" title="end_to_end_testing.LoginHomeTest" class="method navigator-link" hash-for-method="login(standard_user, secret_sauce)">login(standard_user, secret_sauce)</a> <!-- method navigator-link -->
                      </span>
                      <br/>
                      <span>
                        <img src="passed.png" width="3%"/>
                        <a href="#" panel-name="suite-EndToEnd_Suite" title="end_to_end_testing.LoginHomeTest" class="method navigator-link" hash-for-method="login(problem_user, secret_sauce)">login(problem_user, secret_sauce)</a> <!-- method navigator-link -->
                      </span>
                      <br/>
                      <span>
                        <img src="passed.png" width="3%"/>
                        <a href="#" panel-name="suite-EndToEnd_Suite" title="end_to_end_testing.LoginHomeTest" class="method navigator-link" hash-for-method="testAboutLink(problem_user, secret_sauce)">testAboutLink(problem_user, secret_sauce)</a> <!-- method navigator-link -->
                      </span>
                      <br/>
                      <span>
                        <img src="passed.png" width="3%"/>
                        <a href="#" panel-name="suite-EndToEnd_Suite" title="end_to_end_testing.LoginHomeTest" class="method navigator-link" hash-for-method="testAllItemsLink(standard_user, secret_sauce)">testAllItemsLink(standard_user, secret_sauce)</a> <!-- method navigator-link -->
                      </span>
                      <br/>
                      <span>
                        <img src="passed.png" width="3%"/>
                        <a href="#" panel-name="suite-EndToEnd_Suite" title="end_to_end_testing.LoginHomeTest" class="method navigator-link" hash-for-method="testResetLink(problem_user, secret_sauce)">testResetLink(problem_user, secret_sauce)</a> <!-- method navigator-link -->
                      </span>
                      <br/>
                      <span>
                        <img src="passed.png" width="3%"/>
                        <a href="#" panel-name="suite-EndToEnd_Suite" title="end_to_end_testing.LoginHomeTest" class="method navigator-link" hash-for-method="testSideBarList(standard_user, secret_sauce)">testSideBarList(standard_user, secret_sauce)</a> <!-- method navigator-link -->
                      </span>
                      <br/>
                    </div> <!-- method-list-content passed suite-EndToEnd_Suite -->
                  </li>
                </ul>
              </div> <!-- suite-section-content -->
            </div> <!-- result-section -->
          </div> <!-- navigator-suite-content -->
        </div> <!-- rounded-window -->
      </div> <!-- suite -->
    </div> <!-- navigator-root -->
    <div class="wrapper">
      <div class="main-panel-root">
        <div panel-name="suite-EndToEnd_Suite" class="panel EndToEnd_Suite">
          <div class="suite-EndToEnd_Suite-class-failed">
            <div class="main-panel-header rounded-window-top">
              <img src="failed.png"/>
              <span class="class-name">end_to_end_testing.HomeProductCartTests</span>
            </div> <!-- main-panel-header rounded-window-top -->
            <div class="main-panel-content rounded-window-bottom">
              <div class="method">
                <div class="method-content">
                  <a name="ResetAppState(standard_user, secret_sauce)">
                  </a> <!-- ResetAppState(standard_user, secret_sauce) -->
                  <span class="method-name">ResetAppState</span>
                  <span class="parameters">(standard_user,secret_sauce)</span>
                  <div class="stack-trace">org.openqa.selenium.ElementClickInterceptedException: element click intercepted: Element &lt;button type=&quot;button&quot; id=&quot;react-burger-menu-btn&quot; style=&quot;position: absolute; left: 0px; top: 0px; z-index: 1; width: 100%; height: 100%; margin: 0px; padding: 0px; border: none; font-size: 0px; background: transparent; cursor: pointer;&quot;&gt;...&lt;/button&gt; is not clickable at point (30, 10). Other element would receive the click: &lt;div class=&quot;bm-menu&quot; style=&quot;height: 100%; box-sizing: border-box; overflow: auto;&quot;&gt;...&lt;/div&gt;
  (Session info: chrome=142.0.7444.176)
Build info: version: &apos;4.26.0&apos;, revision: &apos;8ccf0219d7&apos;
System info: os.name: &apos;Windows 10&apos;, os.arch: &apos;amd64&apos;, os.version: &apos;10.0&apos;, java.version: &apos;25&apos;
Driver info: org.openqa.selenium.chrome.ChromeDriver
Command: [61ba5aaca7a1a58ac0636b9f9752d71e, clickElement {id=f.A606B30CA84BFB8EA18AE1D5FAB66AF5.d.A8F1ADBD3F078022380D4F5C50976617.e.221}]
Capabilities {acceptInsecureCerts: false, browserName: chrome, browserVersion: 142.0.7444.176, chrome: {chromedriverVersion: 142.0.7444.175 (302067f14a4..., userDataDir: C:\Users\DELL\AppData\Local...}, fedcm:accounts: true, goog:chromeOptions: {debuggerAddress: localhost:60957}, goog:processID: 15788, networkConnectionEnabled: false, pageLoadStrategy: normal, platformName: windows, proxy: Proxy(), se:cdp: ws://localhost:60957/devtoo..., se:cdpVersion: 142.0.7444.176, setWindowRect: true, strictFileInteractability: false, timeouts: {implicit: 0, pageLoad: 300000, script: 30000}, unhandledPromptBehavior: dismiss and notify, webauthn:extension:credBlob: true, webauthn:extension:largeBlob: true, webauthn:extension:minPinLength: true, webauthn:extension:prf: true, webauthn:virtualAuthenticators: true}
Element: [[ChromeDriver: chrome on windows (61ba5aaca7a1a58ac0636b9f9752d71e)] -&gt; id: react-burger-menu-btn]
Session ID: 61ba5aaca7a1a58ac0636b9f9752d71e
	at org.openqa.selenium.remote.ErrorCodec.decode(ErrorCodec.java:167)
	at org.openqa.selenium.remote.codec.w3c.W3CHttpResponseCodec.decode(W3CHttpResponseCodec.java:138)
	at org.openqa.selenium.remote.codec.w3c.W3CHttpResponseCodec.decode(W3CHttpResponseCodec.java:50)
	at org.openqa.selenium.remote.HttpCommandExecutor.execute(HttpCommandExecutor.java:190)
	at org.openqa.selenium.remote.service.DriverCommandExecutor.invokeExecute(DriverCommandExecutor.java:216)
	at org.openqa.selenium.remote.service.DriverCommandExecutor.execute(DriverCommandExecutor.java:174)
	at org.openqa.selenium.remote.RemoteWebDriver.execute(RemoteWebDriver.java:545)
	at org.openqa.selenium.remote.RemoteWebElement.execute(RemoteWebElement.java:223)
	at org.openqa.selenium.remote.RemoteWebElement.click(RemoteWebElement.java:76)
	at end_to_end_testing.HomeProductCartTests.ResetAppState(HomeProductCartTests.java:159)
	at java.base/java.util.ArrayList.forEach(ArrayList.java:1604)
	at com.intellij.rt.testng.IDEARemoteTestNG.run(IDEARemoteTestNG.java:65)
	at com.intellij.rt.testng.RemoteTestNGStarter.main(RemoteTestNGStarter.java:105)
... Removed 25 stack frames
</div> <!-- stack-trace -->
                </div> <!-- method-content -->
              </div> <!-- method -->
              <div class="method">
                <div class="method-content">
                  <a name="ResetAppState(problem_user, secret_sauce)">
                  </a> <!-- ResetAppState(problem_user, secret_sauce) -->
                  <span class="method-name">ResetAppState</span>
                  <span class="parameters">(problem_user,secret_sauce)</span>
                  <div class="stack-trace">org.openqa.selenium.ElementNotInteractableException: element not interactable
  (Session info: chrome=142.0.7444.176)
Build info: version: &apos;4.26.0&apos;, revision: &apos;8ccf0219d7&apos;
System info: os.name: &apos;Windows 10&apos;, os.arch: &apos;amd64&apos;, os.version: &apos;10.0&apos;, java.version: &apos;25&apos;
Driver info: org.openqa.selenium.chrome.ChromeDriver
Command: [61ba5aaca7a1a58ac0636b9f9752d71e, clickElement {id=f.A606B30CA84BFB8EA18AE1D5FAB66AF5.d.A8F1ADBD3F078022380D4F5C50976617.e.224}]
Capabilities {acceptInsecureCerts: false, browserName: chrome, browserVersion: 142.0.7444.176, chrome: {chromedriverVersion: 142.0.7444.175 (302067f14a4..., userDataDir: C:\Users\DELL\AppData\Local...}, fedcm:accounts: true, goog:chromeOptions: {debuggerAddress: localhost:60957}, goog:processID: 15788, networkConnectionEnabled: false, pageLoadStrategy: normal, platformName: windows, proxy: Proxy(), se:cdp: ws://localhost:60957/devtoo..., se:cdpVersion: 142.0.7444.176, setWindowRect: true, strictFileInteractability: false, timeouts: {implicit: 0, pageLoad: 300000, script: 30000}, unhandledPromptBehavior: dismiss and notify, webauthn:extension:credBlob: true, webauthn:extension:largeBlob: true, webauthn:extension:minPinLength: true, webauthn:extension:prf: true, webauthn:virtualAuthenticators: true}
Element: [[ChromeDriver: chrome on windows (61ba5aaca7a1a58ac0636b9f9752d71e)] -&gt; id: reset_sidebar_link]
Session ID: 61ba5aaca7a1a58ac0636b9f9752d71e
	at org.openqa.selenium.remote.ErrorCodec.decode(ErrorCodec.java:167)
	at org.openqa.selenium.remote.codec.w3c.W3CHttpResponseCodec.decode(W3CHttpResponseCodec.java:138)
	at org.openqa.selenium.remote.codec.w3c.W3CHttpResponseCodec.decode(W3CHttpResponseCodec.java:50)
	at org.openqa.selenium.remote.HttpCommandExecutor.execute(HttpCommandExecutor.java:190)
	at org.openqa.selenium.remote.service.DriverCommandExecutor.invokeExecute(DriverCommandExecutor.java:216)
	at org.openqa.selenium.remote.service.DriverCommandExecutor.execute(DriverCommandExecutor.java:174)
	at org.openqa.selenium.remote.RemoteWebDriver.execute(RemoteWebDriver.java:545)
	at org.openqa.selenium.remote.RemoteWebElement.execute(RemoteWebElement.java:223)
	at org.openqa.selenium.remote.RemoteWebElement.click(RemoteWebElement.java:76)
	at end_to_end_testing.HomeProductCartTests.ResetAppState(HomeProductCartTests.java:160)
	at java.base/java.util.ArrayList.forEach(ArrayList.java:1604)
	at com.intellij.rt.testng.IDEARemoteTestNG.run(IDEARemoteTestNG.java:65)
	at com.intellij.rt.testng.RemoteTestNGStarter.main(RemoteTestNGStarter.java:105)
... Removed 25 stack frames
</div> <!-- stack-trace -->
                </div> <!-- method-content -->
              </div> <!-- method -->
              <div class="method">
                <div class="method-content">
                  <a name="removeProductAndVerifyCart(problem_user, secret_sauce)">
                  </a> <!-- removeProductAndVerifyCart(problem_user, secret_sauce) -->
                  <span class="method-name">removeProductAndVerifyCart</span>
                  <span class="parameters">(problem_user,secret_sauce)</span>
                  <div class="stack-trace">java.lang.IllegalStateException: Cart is empty!
	at end_to_end_testing.HomeProductCartTests.removeProductAndVerifyCart(HomeProductCartTests.java:58)
	at java.base/java.util.ArrayList.forEach(ArrayList.java:1604)
	at com.intellij.rt.testng.IDEARemoteTestNG.run(IDEARemoteTestNG.java:65)
	at com.intellij.rt.testng.RemoteTestNGStarter.main(RemoteTestNGStarter.java:105)
... Removed 22 stack frames
</div> <!-- stack-trace -->
                </div> <!-- method-content -->
              </div> <!-- method -->
              <div class="method">
                <div class="method-content">
                  <a name="removeProductAndVerifyCart(standard_user, secret_sauce)">
                  </a> <!-- removeProductAndVerifyCart(standard_user, secret_sauce) -->
                  <span class="method-name">removeProductAndVerifyCart</span>
                  <span class="parameters">(standard_user,secret_sauce)</span>
                  <div class="stack-trace">java.lang.IllegalStateException: Cart is empty!
	at end_to_end_testing.HomeProductCartTests.removeProductAndVerifyCart(HomeProductCartTests.java:58)
	at java.base/java.util.ArrayList.forEach(ArrayList.java:1604)
	at com.intellij.rt.testng.IDEARemoteTestNG.run(IDEARemoteTestNG.java:65)
	at com.intellij.rt.testng.RemoteTestNGStarter.main(RemoteTestNGStarter.java:105)
... Removed 22 stack frames
</div> <!-- stack-trace -->
                </div> <!-- method-content -->
              </div> <!-- method -->
            </div> <!-- main-panel-content rounded-window-bottom -->
          </div> <!-- suite-EndToEnd_Suite-class-failed -->
          <div class="suite-EndToEnd_Suite-class-failed">
            <div class="main-panel-header rounded-window-top">
              <img src="failed.png"/>
              <span class="class-name">end_to_end_testing.LoginHomeTest</span>
            </div> <!-- main-panel-header rounded-window-top -->
            <div class="main-panel-content rounded-window-bottom">
              <div class="method">
                <div class="method-content">
                  <a name="closeSideBar">
                  </a> <!-- closeSideBar -->
                  <span class="method-name">closeSideBar</span>
                  <div class="stack-trace">org.testng.internal.reflect.MethodMatcherException: 
[public void end_to_end_testing.LoginHomeTest.closeSideBar()] has no parameters defined but was found to be using a data provider (either explicitly specified or inherited from class level annotation).
Data provider mismatch
Method: closeSideBar([])
Arguments: [(java.lang.String) problem_user,(java.lang.String) secret_sauce]
	at java.base/java.util.ArrayList.forEach(ArrayList.java:1604)
	at com.intellij.rt.testng.IDEARemoteTestNG.run(IDEARemoteTestNG.java:65)
	at com.intellij.rt.testng.RemoteTestNGStarter.main(RemoteTestNGStarter.java:105)
... Removed 19 stack frames
</div> <!-- stack-trace -->
                </div> <!-- method-content -->
              </div> <!-- method -->
              <div class="method">
                <div class="method-content">
                  <a name="openSideBar">
                  </a> <!-- openSideBar -->
                  <span class="method-name">openSideBar</span>
                  <div class="stack-trace">org.testng.internal.reflect.MethodMatcherException: 
[public void end_to_end_testing.LoginHomeTest.openSideBar()] has no parameters defined but was found to be using a data provider (either explicitly specified or inherited from class level annotation).
Data provider mismatch
Method: openSideBar([])
Arguments: [(java.lang.String) problem_user,(java.lang.String) secret_sauce]
	at java.base/java.util.ArrayList.forEach(ArrayList.java:1604)
	at com.intellij.rt.testng.IDEARemoteTestNG.run(IDEARemoteTestNG.java:65)
	at com.intellij.rt.testng.RemoteTestNGStarter.main(RemoteTestNGStarter.java:105)
... Removed 19 stack frames
</div> <!-- stack-trace -->
                </div> <!-- method-content -->
              </div> <!-- method -->
              <div class="method">
                <div class="method-content">
                  <a name="testAboutLink(standard_user, secret_sauce)">
                  </a> <!-- testAboutLink(standard_user, secret_sauce) -->
                  <span class="method-name">testAboutLink</span>
                  <span class="parameters">(standard_user,secret_sauce)</span>
                  <div class="stack-trace">org.openqa.selenium.ElementNotInteractableException: element not interactable
  (Session info: chrome=142.0.7444.176)
Build info: version: &apos;4.26.0&apos;, revision: &apos;8ccf0219d7&apos;
System info: os.name: &apos;Windows 10&apos;, os.arch: &apos;amd64&apos;, os.version: &apos;10.0&apos;, java.version: &apos;25&apos;
Driver info: org.openqa.selenium.chrome.ChromeDriver
Command: [61ba5aaca7a1a58ac0636b9f9752d71e, clickElement {id=f.A606B30CA84BFB8EA18AE1D5FAB66AF5.d.AFC8086C5B97E1EC47E6DD34883D3DC5.e.27}]
Capabilities {acceptInsecureCerts: false, browserName: chrome, browserVersion: 142.0.7444.176, chrome: {chromedriverVersion: 142.0.7444.175 (302067f14a4..., userDataDir: C:\Users\DELL\AppData\Local...}, fedcm:accounts: true, goog:chromeOptions: {debuggerAddress: localhost:60957}, goog:processID: 15788, networkConnectionEnabled: false, pageLoadStrategy: normal, platformName: windows, proxy: Proxy(), se:cdp: ws://localhost:60957/devtoo..., se:cdpVersion: 142.0.7444.176, setWindowRect: true, strictFileInteractability: false, timeouts: {implicit: 0, pageLoad: 300000, script: 30000}, unhandledPromptBehavior: dismiss and notify, webauthn:extension:credBlob: true, webauthn:extension:largeBlob: true, webauthn:extension:minPinLength: true, webauthn:extension:prf: true, webauthn:virtualAuthenticators: true}
Element: [[ChromeDriver: chrome on windows (61ba5aaca7a1a58ac0636b9f9752d71e)] -&gt; id: about_sidebar_link]
Session ID: 61ba5aaca7a1a58ac0636b9f9752d71e
	at org.openqa.selenium.remote.ErrorCodec.decode(ErrorCodec.java:167)
	at org.openqa.selenium.remote.codec.w3c.W3CHttpResponseCodec.decode(W3CHttpResponseCodec.java:138)
	at org.openqa.selenium.remote.codec.w3c.W3CHttpResponseCodec.decode(W3CHttpResponseCodec.java:50)
	at org.openqa.selenium.remote.HttpCommandExecutor.execute(HttpCommandExecutor.java:190)
	at org.openqa.selenium.remote.service.DriverCommandExecutor.invokeExecute(DriverCommandExecutor.java:216)
	at org.openqa.selenium.remote.service.DriverCommandExecutor.execute(DriverCommandExecutor.java:174)
	at org.openqa.selenium.remote.RemoteWebDriver.execute(RemoteWebDriver.java:545)
	at org.openqa.selenium.remote.RemoteWebElement.execute(RemoteWebElement.java:223)
	at org.openqa.selenium.remote.RemoteWebElement.click(RemoteWebElement.java:76)
	at end_to_end_testing.LoginHomeTest.testAboutLink(LoginHomeTest.java:88)
	at java.base/java.util.ArrayList.forEach(ArrayList.java:1604)
	at com.intellij.rt.testng.IDEARemoteTestNG.run(IDEARemoteTestNG.java:65)
	at com.intellij.rt.testng.RemoteTestNGStarter.main(RemoteTestNGStarter.java:105)
... Removed 25 stack frames
</div> <!-- stack-trace -->
                </div> <!-- method-content -->
              </div> <!-- method -->
              <div class="method">
                <div class="method-content">
                  <a name="testAllItemsLink(problem_user, secret_sauce)">
                  </a> <!-- testAllItemsLink(problem_user, secret_sauce) -->
                  <span class="method-name">testAllItemsLink</span>
                  <span class="parameters">(problem_user,secret_sauce)</span>
                  <div class="stack-trace">org.openqa.selenium.ElementNotInteractableException: element not interactable
  (Session info: chrome=142.0.7444.176)
Build info: version: &apos;4.26.0&apos;, revision: &apos;8ccf0219d7&apos;
System info: os.name: &apos;Windows 10&apos;, os.arch: &apos;amd64&apos;, os.version: &apos;10.0&apos;, java.version: &apos;25&apos;
Driver info: org.openqa.selenium.chrome.ChromeDriver
Command: [61ba5aaca7a1a58ac0636b9f9752d71e, clickElement {id=f.A606B30CA84BFB8EA18AE1D5FAB66AF5.d.DD21726958B012A952EE833164140C34.e.108}]
Capabilities {acceptInsecureCerts: false, browserName: chrome, browserVersion: 142.0.7444.176, chrome: {chromedriverVersion: 142.0.7444.175 (302067f14a4..., userDataDir: C:\Users\DELL\AppData\Local...}, fedcm:accounts: true, goog:chromeOptions: {debuggerAddress: localhost:60957}, goog:processID: 15788, networkConnectionEnabled: false, pageLoadStrategy: normal, platformName: windows, proxy: Proxy(), se:cdp: ws://localhost:60957/devtoo..., se:cdpVersion: 142.0.7444.176, setWindowRect: true, strictFileInteractability: false, timeouts: {implicit: 0, pageLoad: 300000, script: 30000}, unhandledPromptBehavior: dismiss and notify, webauthn:extension:credBlob: true, webauthn:extension:largeBlob: true, webauthn:extension:minPinLength: true, webauthn:extension:prf: true, webauthn:virtualAuthenticators: true}
Element: [[ChromeDriver: chrome on windows (61ba5aaca7a1a58ac0636b9f9752d71e)] -&gt; id: inventory_sidebar_link]
Session ID: 61ba5aaca7a1a58ac0636b9f9752d71e
	at org.openqa.selenium.remote.ErrorCodec.decode(ErrorCodec.java:167)
	at org.openqa.selenium.remote.codec.w3c.W3CHttpResponseCodec.decode(W3CHttpResponseCodec.java:138)
	at org.openqa.selenium.remote.codec.w3c.W3CHttpResponseCodec.decode(W3CHttpResponseCodec.java:50)
	at org.openqa.selenium.remote.HttpCommandExecutor.execute(HttpCommandExecutor.java:190)
	at org.openqa.selenium.remote.service.DriverCommandExecutor.invokeExecute(DriverCommandExecutor.java:216)
	at org.openqa.selenium.remote.service.DriverCommandExecutor.execute(DriverCommandExecutor.java:174)
	at org.openqa.selenium.remote.RemoteWebDriver.execute(RemoteWebDriver.java:545)
	at org.openqa.selenium.remote.RemoteWebElement.execute(RemoteWebElement.java:223)
	at org.openqa.selenium.remote.RemoteWebElement.click(RemoteWebElement.java:76)
	at end_to_end_testing.LoginHomeTest.testAllItemsLink(LoginHomeTest.java:64)
	at java.base/java.util.ArrayList.forEach(ArrayList.java:1604)
	at com.intellij.rt.testng.IDEARemoteTestNG.run(IDEARemoteTestNG.java:65)
	at com.intellij.rt.testng.RemoteTestNGStarter.main(RemoteTestNGStarter.java:105)
... Removed 25 stack frames
</div> <!-- stack-trace -->
                </div> <!-- method-content -->
              </div> <!-- method -->
              <div class="method">
                <div class="method-content">
                  <a name="testResetLink(standard_user, secret_sauce)">
                  </a> <!-- testResetLink(standard_user, secret_sauce) -->
                  <span class="method-name">testResetLink</span>
                  <span class="parameters">(standard_user,secret_sauce)</span>
                  <div class="stack-trace">org.openqa.selenium.ElementNotInteractableException: element not interactable
  (Session info: chrome=142.0.7444.176)
Build info: version: &apos;4.26.0&apos;, revision: &apos;8ccf0219d7&apos;
System info: os.name: &apos;Windows 10&apos;, os.arch: &apos;amd64&apos;, os.version: &apos;10.0&apos;, java.version: &apos;25&apos;
Driver info: org.openqa.selenium.chrome.ChromeDriver
Command: [61ba5aaca7a1a58ac0636b9f9752d71e, clickElement {id=f.A606B30CA84BFB8EA18AE1D5FAB66AF5.d.9C733923DC4E3C97A280F83126BBEBEA.e.170}]
Capabilities {acceptInsecureCerts: false, browserName: chrome, browserVersion: 142.0.7444.176, chrome: {chromedriverVersion: 142.0.7444.175 (302067f14a4..., userDataDir: C:\Users\DELL\AppData\Local...}, fedcm:accounts: true, goog:chromeOptions: {debuggerAddress: localhost:60957}, goog:processID: 15788, networkConnectionEnabled: false, pageLoadStrategy: normal, platformName: windows, proxy: Proxy(), se:cdp: ws://localhost:60957/devtoo..., se:cdpVersion: 142.0.7444.176, setWindowRect: true, strictFileInteractability: false, timeouts: {implicit: 0, pageLoad: 300000, script: 30000}, unhandledPromptBehavior: dismiss and notify, webauthn:extension:credBlob: true, webauthn:extension:largeBlob: true, webauthn:extension:minPinLength: true, webauthn:extension:prf: true, webauthn:virtualAuthenticators: true}
Element: [[ChromeDriver: chrome on windows (61ba5aaca7a1a58ac0636b9f9752d71e)] -&gt; id: reset_sidebar_link]
Session ID: 61ba5aaca7a1a58ac0636b9f9752d71e
	at org.openqa.selenium.remote.ErrorCodec.decode(ErrorCodec.java:167)
	at org.openqa.selenium.remote.codec.w3c.W3CHttpResponseCodec.decode(W3CHttpResponseCodec.java:138)
	at org.openqa.selenium.remote.codec.w3c.W3CHttpResponseCodec.decode(W3CHttpResponseCodec.java:50)
	at org.openqa.selenium.remote.HttpCommandExecutor.execute(HttpCommandExecutor.java:190)
	at org.openqa.selenium.remote.service.DriverCommandExecutor.invokeExecute(DriverCommandExecutor.java:216)
	at org.openqa.selenium.remote.service.DriverCommandExecutor.execute(DriverCommandExecutor.java:174)
	at org.openqa.selenium.remote.RemoteWebDriver.execute(RemoteWebDriver.java:545)
	at org.openqa.selenium.remote.RemoteWebElement.execute(RemoteWebElement.java:223)
	at org.openqa.selenium.remote.RemoteWebElement.click(RemoteWebElement.java:76)
	at end_to_end_testing.LoginHomeTest.testResetLink(LoginHomeTest.java:77)
	at java.base/java.util.ArrayList.forEach(ArrayList.java:1604)
	at com.intellij.rt.testng.IDEARemoteTestNG.run(IDEARemoteTestNG.java:65)
	at com.intellij.rt.testng.RemoteTestNGStarter.main(RemoteTestNGStarter.java:105)
... Removed 25 stack frames
</div> <!-- stack-trace -->
                </div> <!-- method-content -->
              </div> <!-- method -->
              <div class="method">
                <div class="method-content">
                  <a name="testSideBarList(problem_user, secret_sauce)">
                  </a> <!-- testSideBarList(problem_user, secret_sauce) -->
                  <span class="method-name">testSideBarList</span>
                  <span class="parameters">(problem_user,secret_sauce)</span>
                  <div class="stack-trace">org.openqa.selenium.ElementClickInterceptedException: element click intercepted: Element &lt;div class=&quot;bm-cross-button&quot; style=&quot;position: absolute; width: 24px; height: 24px; right: 8px; top: 8px;&quot;&gt;...&lt;/div&gt; is not clickable at point (85, 26). Other element would receive the click: &lt;div class=&quot;bm-menu&quot; style=&quot;height: 100%; box-sizing: border-box; overflow: auto;&quot;&gt;...&lt;/div&gt;
  (Session info: chrome=142.0.7444.176)
Build info: version: &apos;4.26.0&apos;, revision: &apos;8ccf0219d7&apos;
System info: os.name: &apos;Windows 10&apos;, os.arch: &apos;amd64&apos;, os.version: &apos;10.0&apos;, java.version: &apos;25&apos;
Driver info: org.openqa.selenium.chrome.ChromeDriver
Command: [61ba5aaca7a1a58ac0636b9f9752d71e, clickElement {id=f.A606B30CA84BFB8EA18AE1D5FAB66AF5.d.B8BB765F7CDCC3D1543CBC90AB9C286B.e.58}]
Capabilities {acceptInsecureCerts: false, browserName: chrome, browserVersion: 142.0.7444.176, chrome: {chromedriverVersion: 142.0.7444.175 (302067f14a4..., userDataDir: C:\Users\DELL\AppData\Local...}, fedcm:accounts: true, goog:chromeOptions: {debuggerAddress: localhost:60957}, goog:processID: 15788, networkConnectionEnabled: false, pageLoadStrategy: normal, platformName: windows, proxy: Proxy(), se:cdp: ws://localhost:60957/devtoo..., se:cdpVersion: 142.0.7444.176, setWindowRect: true, strictFileInteractability: false, timeouts: {implicit: 0, pageLoad: 300000, script: 30000}, unhandledPromptBehavior: dismiss and notify, webauthn:extension:credBlob: true, webauthn:extension:largeBlob: true, webauthn:extension:minPinLength: true, webauthn:extension:prf: true, webauthn:virtualAuthenticators: true}
Element: [[ChromeDriver: chrome on windows (61ba5aaca7a1a58ac0636b9f9752d71e)] -&gt; class name: bm-cross-button]
Session ID: 61ba5aaca7a1a58ac0636b9f9752d71e
	at org.openqa.selenium.remote.ErrorCodec.decode(ErrorCodec.java:167)
	at org.openqa.selenium.remote.codec.w3c.W3CHttpResponseCodec.decode(W3CHttpResponseCodec.java:138)
	at org.openqa.selenium.remote.codec.w3c.W3CHttpResponseCodec.decode(W3CHttpResponseCodec.java:50)
	at org.openqa.selenium.remote.HttpCommandExecutor.execute(HttpCommandExecutor.java:190)
	at org.openqa.selenium.remote.service.DriverCommandExecutor.invokeExecute(DriverCommandExecutor.java:216)
	at org.openqa.selenium.remote.service.DriverCommandExecutor.execute(DriverCommandExecutor.java:174)
	at org.openqa.selenium.remote.RemoteWebDriver.execute(RemoteWebDriver.java:545)
	at org.openqa.selenium.remote.RemoteWebElement.execute(RemoteWebElement.java:223)
	at org.openqa.selenium.remote.RemoteWebElement.click(RemoteWebElement.java:76)
	at end_to_end_testing.LoginHomeTest.closeSideBar(LoginHomeTest.java:28)
	at end_to_end_testing.LoginHomeTest.testSideBarList(LoginHomeTest.java:56)
	at java.base/java.util.ArrayList.forEach(ArrayList.java:1604)
	at com.intellij.rt.testng.IDEARemoteTestNG.run(IDEARemoteTestNG.java:65)
	at com.intellij.rt.testng.RemoteTestNGStarter.main(RemoteTestNGStarter.java:105)
... Removed 25 stack frames
</div> <!-- stack-trace -->
                </div> <!-- method-content -->
              </div> <!-- method -->
            </div> <!-- main-panel-content rounded-window-bottom -->
          </div> <!-- suite-EndToEnd_Suite-class-failed -->
          <div class="suite-EndToEnd_Suite-class-skipped">
            <div class="main-panel-header rounded-window-top">
              <img src="skipped.png"/>
              <span class="class-name">end_to_end_testing.LoginHomeTest</span>
            </div> <!-- main-panel-header rounded-window-top -->
            <div class="main-panel-content rounded-window-bottom">
              <div class="method">
                <div class="method-content">
                  <a name="delay">
                  </a> <!-- delay -->
                  <span class="method-name">delay</span>
                  <div class="stack-trace">java.lang.Throwable: Method end_to_end_testing.LoginHomeTest.delay() on instance end_to_end_testing.LoginHomeTest@37afeb11 depends on not successfully finished methods 
[end_to_end_testing.LoginHomeTest.testAboutLink() on instance end_to_end_testing.LoginHomeTest@37afeb11]
	at java.base/java.util.ArrayList.forEach(ArrayList.java:1604)
	at com.intellij.rt.testng.IDEARemoteTestNG.run(IDEARemoteTestNG.java:65)
	at com.intellij.rt.testng.RemoteTestNGStarter.main(RemoteTestNGStarter.java:105)
... Removed 15 stack frames
</div> <!-- stack-trace -->
                </div> <!-- method-content -->
              </div> <!-- method -->
            </div> <!-- main-panel-content rounded-window-bottom -->
          </div> <!-- suite-EndToEnd_Suite-class-skipped -->
          <div class="suite-EndToEnd_Suite-class-passed">
            <div class="main-panel-header rounded-window-top">
              <img src="passed.png"/>
              <span class="class-name">end_to_end_testing.HomeProductCartTests</span>
            </div> <!-- main-panel-header rounded-window-top -->
            <div class="main-panel-content rounded-window-bottom">
              <div class="method">
                <div class="method-content">
                  <a name="FilterPriceLowToHighAndVerify(standard_user, secret_sauce)">
                  </a> <!-- FilterPriceLowToHighAndVerify(standard_user, secret_sauce) -->
                  <span class="method-name">FilterPriceLowToHighAndVerify</span>
                  <span class="parameters">(standard_user,secret_sauce)</span>
                </div> <!-- method-content -->
              </div> <!-- method -->
              <div class="method">
                <div class="method-content">
                  <a name="FilterPriceLowToHighAndVerify(problem_user, secret_sauce)">
                  </a> <!-- FilterPriceLowToHighAndVerify(problem_user, secret_sauce) -->
                  <span class="method-name">FilterPriceLowToHighAndVerify</span>
                  <span class="parameters">(problem_user,secret_sauce)</span>
                </div> <!-- method-content -->
              </div> <!-- method -->
              <div class="method">
                <div class="method-content">
                  <a name="FilterZToAAndVerify(problem_user, secret_sauce)">
                  </a> <!-- FilterZToAAndVerify(problem_user, secret_sauce) -->
                  <span class="method-name">FilterZToAAndVerify</span>
                  <span class="parameters">(problem_user,secret_sauce)</span>
                </div> <!-- method-content -->
              </div> <!-- method -->
              <div class="method">
                <div class="method-content">
                  <a name="FilterZToAAndVerify(standard_user, secret_sauce)">
                  </a> <!-- FilterZToAAndVerify(standard_user, secret_sauce) -->
                  <span class="method-name">FilterZToAAndVerify</span>
                  <span class="parameters">(standard_user,secret_sauce)</span>
                </div> <!-- method-content -->
              </div> <!-- method -->
              <div class="method">
                <div class="method-content">
                  <a name="ViewDetailPageAndAddFirstProduct(problem_user, secret_sauce)">
                  </a> <!-- ViewDetailPageAndAddFirstProduct(problem_user, secret_sauce) -->
                  <span class="method-name">ViewDetailPageAndAddFirstProduct</span>
                  <span class="parameters">(problem_user,secret_sauce)</span>
                </div> <!-- method-content -->
              </div> <!-- method -->
              <div class="method">
                <div class="method-content">
                  <a name="ViewDetailPageAndAddFirstProduct(standard_user, secret_sauce)">
                  </a> <!-- ViewDetailPageAndAddFirstProduct(standard_user, secret_sauce) -->
                  <span class="method-name">ViewDetailPageAndAddFirstProduct</span>
                  <span class="parameters">(standard_user,secret_sauce)</span>
                </div> <!-- method-content -->
              </div> <!-- method -->
              <div class="method">
                <div class="method-content">
                  <a name="ViewDetailPageAndAddSecondProduct(standard_user, secret_sauce)">
                  </a> <!-- ViewDetailPageAndAddSecondProduct(standard_user, secret_sauce) -->
                  <span class="method-name">ViewDetailPageAndAddSecondProduct</span>
                  <span class="parameters">(standard_user,secret_sauce)</span>
                </div> <!-- method-content -->
              </div> <!-- method -->
              <div class="method">
                <div class="method-content">
                  <a name="ViewDetailPageAndAddSecondProduct(problem_user, secret_sauce)">
                  </a> <!-- ViewDetailPageAndAddSecondProduct(problem_user, secret_sauce) -->
                  <span class="method-name">ViewDetailPageAndAddSecondProduct</span>
                  <span class="parameters">(problem_user,secret_sauce)</span>
                </div> <!-- method-content -->
              </div> <!-- method -->
              <div class="method">
                <div class="method-content">
                  <a name="ViewDetailPageAndAddThirdProduct(problem_user, secret_sauce)">
                  </a> <!-- ViewDetailPageAndAddThirdProduct(problem_user, secret_sauce) -->
                  <span class="method-name">ViewDetailPageAndAddThirdProduct</span>
                  <span class="parameters">(problem_user,secret_sauce)</span>
                </div> <!-- method-content -->
              </div> <!-- method -->
              <div class="method">
                <div class="method-content">
                  <a name="ViewDetailPageAndAddThirdProduct(standard_user, secret_sauce)">
                  </a> <!-- ViewDetailPageAndAddThirdProduct(standard_user, secret_sauce) -->
                  <span class="method-name">ViewDetailPageAndAddThirdProduct</span>
                  <span class="parameters">(standard_user,secret_sauce)</span>
                </div> <!-- method-content -->
              </div> <!-- method -->
            </div> <!-- main-panel-content rounded-window-bottom -->
          </div> <!-- suite-EndToEnd_Suite-class-passed -->
          <div class="suite-EndToEnd_Suite-class-passed">
            <div class="main-panel-header rounded-window-top">
              <img src="passed.png"/>
              <span class="class-name">end_to_end_testing.CartCheckOutTests</span>
            </div> <!-- main-panel-header rounded-window-top -->
            <div class="main-panel-content rounded-window-bottom">
              <div class="method">
                <div class="method-content">
                  <a name="checkoutFlowMissingLastName">
                  </a> <!-- checkoutFlowMissingLastName -->
                  <span class="method-name">checkoutFlowMissingLastName</span>
                </div> <!-- method-content -->
              </div> <!-- method -->
              <div class="method">
                <div class="method-content">
                  <a name="checkoutFlowMissingPostalCode">
                  </a> <!-- checkoutFlowMissingPostalCode -->
                  <span class="method-name">checkoutFlowMissingPostalCode</span>
                </div> <!-- method-content -->
              </div> <!-- method -->
              <div class="method">
                <div class="method-content">
                  <a name="checkoutFlowValidUser">
                  </a> <!-- checkoutFlowValidUser -->
                  <span class="method-name">checkoutFlowValidUser</span>
                </div> <!-- method-content -->
              </div> <!-- method -->
            </div> <!-- main-panel-content rounded-window-bottom -->
          </div> <!-- suite-EndToEnd_Suite-class-passed -->
          <div class="suite-EndToEnd_Suite-class-passed">
            <div class="main-panel-header rounded-window-top">
              <img src="passed.png"/>
              <span class="class-name">end_to_end_testing.LoginHomeTest</span>
            </div> <!-- main-panel-header rounded-window-top -->
            <div class="main-panel-content rounded-window-bottom">
              <div class="method">
                <div class="method-content">
                  <a name="login(standard_user, secret_sauce)">
                  </a> <!-- login(standard_user, secret_sauce) -->
                  <span class="method-name">login</span>
                  <span class="parameters">(standard_user,secret_sauce)</span>
                </div> <!-- method-content -->
              </div> <!-- method -->
              <div class="method">
                <div class="method-content">
                  <a name="login(problem_user, secret_sauce)">
                  </a> <!-- login(problem_user, secret_sauce) -->
                  <span class="method-name">login</span>
                  <span class="parameters">(problem_user,secret_sauce)</span>
                </div> <!-- method-content -->
              </div> <!-- method -->
              <div class="method">
                <div class="method-content">
                  <a name="testAboutLink(problem_user, secret_sauce)">
                  </a> <!-- testAboutLink(problem_user, secret_sauce) -->
                  <span class="method-name">testAboutLink</span>
                  <span class="parameters">(problem_user,secret_sauce)</span>
                </div> <!-- method-content -->
              </div> <!-- method -->
              <div class="method">
                <div class="method-content">
                  <a name="testAllItemsLink(standard_user, secret_sauce)">
                  </a> <!-- testAllItemsLink(standard_user, secret_sauce) -->
                  <span class="method-name">testAllItemsLink</span>
                  <span class="parameters">(standard_user,secret_sauce)</span>
                </div> <!-- method-content -->
              </div> <!-- method -->
              <div class="method">
                <div class="method-content">
                  <a name="testResetLink(problem_user, secret_sauce)">
                  </a> <!-- testResetLink(problem_user, secret_sauce) -->
                  <span class="method-name">testResetLink</span>
                  <span class="parameters">(problem_user,secret_sauce)</span>
                </div> <!-- method-content -->
              </div> <!-- method -->
              <div class="method">
                <div class="method-content">
                  <a name="testSideBarList(standard_user, secret_sauce)">
                  </a> <!-- testSideBarList(standard_user, secret_sauce) -->
                  <span class="method-name">testSideBarList</span>
                  <span class="parameters">(standard_user,secret_sauce)</span>
                </div> <!-- method-content -->
              </div> <!-- method -->
            </div> <!-- main-panel-content rounded-window-bottom -->
          </div> <!-- suite-EndToEnd_Suite-class-passed -->
        </div> <!-- panel EndToEnd_Suite -->
        <div panel-name="test-xml-EndToEnd_Suite" class="panel">
          <div class="main-panel-header rounded-window-top">
            <span class="header-content">D:\DEPI\GradProject1\GradProject\Automation_code\swagLabs\src\main\resources\testng.xml</span>
          </div> <!-- main-panel-header rounded-window-top -->
          <div class="main-panel-content rounded-window-bottom">
            <pre>
&lt;?xml version=&quot;1.0&quot; encoding=&quot;UTF-8&quot;?&gt;
&lt;!DOCTYPE suite SYSTEM &quot;https://testng.org/testng-1.0.dtd&quot;&gt;
&lt;suite name=&quot;EndToEnd Suite&quot; guice-stage=&quot;DEVELOPMENT&quot;&gt;
  &lt;test thread-count=&quot;5&quot; name=&quot;EndToEnd Flow&quot;&gt;
    &lt;classes&gt;
      &lt;class name=&quot;end_to_end_testing.LoginHomeTest&quot;/&gt;
      &lt;class name=&quot;end_to_end_testing.HomeProductCartTests&quot;/&gt;
      &lt;class name=&quot;end_to_end_testing.CartCheckOutTests&quot;/&gt;
    &lt;/classes&gt;
  &lt;/test&gt; &lt;!-- EndToEnd Flow --&gt;
&lt;/suite&gt; &lt;!-- EndToEnd Suite --&gt;
            </pre>
          </div> <!-- main-panel-content rounded-window-bottom -->
        </div> <!-- panel -->
        <div panel-name="testlist-EndToEnd_Suite" class="panel">
          <div class="main-panel-header rounded-window-top">
            <span class="header-content">Tests for EndToEnd Suite</span>
          </div> <!-- main-panel-header rounded-window-top -->
          <div class="main-panel-content rounded-window-bottom">
            <ul>
              <li>
                <span class="test-name">EndToEnd Flow (3 classes)</span>
              </li>
            </ul>
          </div> <!-- main-panel-content rounded-window-bottom -->
        </div> <!-- panel -->
        <div panel-name="group-EndToEnd_Suite" class="panel">
          <div class="main-panel-header rounded-window-top">
            <span class="header-content">Groups for EndToEnd Suite</span>
          </div> <!-- main-panel-header rounded-window-top -->
          <div class="main-panel-content rounded-window-bottom">
          </div> <!-- main-panel-content rounded-window-bottom -->
        </div> <!-- panel -->
        <div panel-name="times-EndToEnd_Suite" class="panel">
          <div class="main-panel-header rounded-window-top">
            <span class="header-content">Times for EndToEnd Suite</span>
          </div> <!-- main-panel-header rounded-window-top -->
          <div class="main-panel-content rounded-window-bottom">
            <div class="times-div">
              <script type="text/javascript">
suiteTableInitFunctions.push('tableData_EndToEnd_Suite');
function tableData_EndToEnd_Suite() {
var data = new google.visualization.DataTable();
data.addColumn('number', 'Number');
data.addColumn('string', 'Method');
data.addColumn('string', 'Class');
data.addColumn('number', 'Time (ms)');
data.addRows(30);
data.setCell(0, 0, 0)
data.setCell(0, 1, 'testAboutLink')
data.setCell(0, 2, 'end_to_end_testing.LoginHomeTest')
data.setCell(0, 3, 15175);
data.setCell(1, 0, 1)
data.setCell(1, 1, 'login')
data.setCell(1, 2, 'end_to_end_testing.LoginHomeTest')
data.setCell(1, 3, 4212);
data.setCell(2, 0, 2)
data.setCell(2, 1, 'testSideBarList')
data.setCell(2, 2, 'end_to_end_testing.LoginHomeTest')
data.setCell(2, 3, 2214);
data.setCell(3, 0, 3)
data.setCell(3, 1, 'testSideBarList')
data.setCell(3, 2, 'end_to_end_testing.LoginHomeTest')
data.setCell(3, 3, 1717);
data.setCell(4, 0, 4)
data.setCell(4, 1, 'testAboutLink')
data.setCell(4, 2, 'end_to_end_testing.LoginHomeTest')
data.setCell(4, 3, 1332);
data.setCell(5, 0, 5)
data.setCell(5, 1, 'ResetAppState')
data.setCell(5, 2, 'end_to_end_testing.HomeProductCartTests')
data.setCell(5, 3, 1258);
data.setCell(6, 0, 6)
data.setCell(6, 1, 'testResetLink')
data.setCell(6, 2, 'end_to_end_testing.LoginHomeTest')
data.setCell(6, 3, 1185);
data.setCell(7, 0, 7)
data.setCell(7, 1, 'testAllItemsLink')
data.setCell(7, 2, 'end_to_end_testing.LoginHomeTest')
data.setCell(7, 3, 1172);
data.setCell(8, 0, 8)
data.setCell(8, 1, 'testAllItemsLink')
data.setCell(8, 2, 'end_to_end_testing.LoginHomeTest')
data.setCell(8, 3, 1139);
data.setCell(9, 0, 9)
data.setCell(9, 1, 'testResetLink')
data.setCell(9, 2, 'end_to_end_testing.LoginHomeTest')
data.setCell(9, 3, 1086);
data.setCell(10, 0, 10)
data.setCell(10, 1, 'checkoutFlowValidUser')
data.setCell(10, 2, 'end_to_end_testing.CartCheckOutTests')
data.setCell(10, 3, 711);
data.setCell(11, 0, 11)
data.setCell(11, 1, 'checkoutFlowMissingLastName')
data.setCell(11, 2, 'end_to_end_testing.CartCheckOutTests')
data.setCell(11, 3, 661);
data.setCell(12, 0, 12)
data.setCell(12, 1, 'FilterPriceLowToHighAndVerify')
data.setCell(12, 2, 'end_to_end_testing.HomeProductCartTests')
data.setCell(12, 3, 608);
data.setCell(13, 0, 13)
data.setCell(13, 1, 'checkoutFlowMissingPostalCode')
data.setCell(13, 2, 'end_to_end_testing.CartCheckOutTests')
data.setCell(13, 3, 559);
data.setCell(14, 0, 14)
data.setCell(14, 1, 'FilterPriceLowToHighAndVerify')
data.setCell(14, 2, 'end_to_end_testing.HomeProductCartTests')
data.setCell(14, 3, 500);
data.setCell(15, 0, 15)
data.setCell(15, 1, 'login')
data.setCell(15, 2, 'end_to_end_testing.LoginHomeTest')
data.setCell(15, 3, 465);
data.setCell(16, 0, 16)
data.setCell(16, 1, 'ViewDetailPageAndAddFirstProduct')
data.setCell(16, 2, 'end_to_end_testing.HomeProductCartTests')
data.setCell(16, 3, 413);
data.setCell(17, 0, 17)
data.setCell(17, 1, 'ViewDetailPageAndAddFirstProduct')
data.setCell(17, 2, 'end_to_end_testing.HomeProductCartTests')
data.setCell(17, 3, 352);
data.setCell(18, 0, 18)
data.setCell(18, 1, 'ViewDetailPageAndAddThirdProduct')
data.setCell(18, 2, 'end_to_end_testing.HomeProductCartTests')
data.setCell(18, 3, 348);
data.setCell(19, 0, 19)
data.setCell(19, 1, 'FilterZToAAndVerify')
data.setCell(19, 2, 'end_to_end_testing.HomeProductCartTests')
data.setCell(19, 3, 311);
data.setCell(20, 0, 20)
data.setCell(20, 1, 'FilterZToAAndVerify')
data.setCell(20, 2, 'end_to_end_testing.HomeProductCartTests')
data.setCell(20, 3, 295);
data.setCell(21, 0, 21)
data.setCell(21, 1, 'ViewDetailPageAndAddThirdProduct')
data.setCell(21, 2, 'end_to_end_testing.HomeProductCartTests')
data.setCell(21, 3, 270);
data.setCell(22, 0, 22)
data.setCell(22, 1, 'ViewDetailPageAndAddSecondProduct')
data.setCell(22, 2, 'end_to_end_testing.HomeProductCartTests')
data.setCell(22, 3, 252);
data.setCell(23, 0, 23)
data.setCell(23, 1, 'ViewDetailPageAndAddSecondProduct')
data.setCell(23, 2, 'end_to_end_testing.HomeProductCartTests')
data.setCell(23, 3, 248);
data.setCell(24, 0, 24)
data.setCell(24, 1, 'ResetAppState')
data.setCell(24, 2, 'end_to_end_testing.HomeProductCartTests')
data.setCell(24, 3, 233);
data.setCell(25, 0, 25)
data.setCell(25, 1, 'removeProductAndVerifyCart')
data.setCell(25, 2, 'end_to_end_testing.HomeProductCartTests')
data.setCell(25, 3, 101);
data.setCell(26, 0, 26)
data.setCell(26, 1, 'removeProductAndVerifyCart')
data.setCell(26, 2, 'end_to_end_testing.HomeProductCartTests')
data.setCell(26, 3, 97);
data.setCell(27, 0, 27)
data.setCell(27, 1, 'closeSideBar')
data.setCell(27, 2, 'end_to_end_testing.LoginHomeTest')
data.setCell(27, 3, 12);
data.setCell(28, 0, 28)
data.setCell(28, 1, 'openSideBar')
data.setCell(28, 2, 'end_to_end_testing.LoginHomeTest')
data.setCell(28, 3, 2);
data.setCell(29, 0, 29)
data.setCell(29, 1, 'delay')
data.setCell(29, 2, 'end_to_end_testing.LoginHomeTest')
data.setCell(29, 3, 1);
window.suiteTableData['EndToEnd_Suite']= { tableData: data, tableDiv: 'times-div-EndToEnd_Suite'}
return data;
}
              </script>
              <span class="suite-total-time">Total running time: 36 seconds</span>
              <div id="times-div-EndToEnd_Suite">
              </div> <!-- times-div-EndToEnd_Suite -->
            </div> <!-- times-div -->
          </div> <!-- main-panel-content rounded-window-bottom -->
        </div> <!-- panel -->
        <div panel-name="reporter-EndToEnd_Suite" class="panel">
          <div class="main-panel-header rounded-window-top">
            <span class="header-content">Reporter output for EndToEnd Suite</span>
          </div> <!-- main-panel-header rounded-window-top -->
          <div class="main-panel-content rounded-window-bottom">
          </div> <!-- main-panel-content rounded-window-bottom -->
        </div> <!-- panel -->
        <div panel-name="ignored-methods-EndToEnd_Suite" class="panel">
          <div class="main-panel-header rounded-window-top">
            <span class="header-content">4 ignored methods</span>
          </div> <!-- main-panel-header rounded-window-top -->
          <div class="main-panel-content rounded-window-bottom">
            <div class="ignored-class-div">
              <span class="ignored-class-name">end_to_end_testing.HomeProductCartTests</span>
              <div class="ignored-methods-div">
                <span class="ignored-method-name">setupDriver</span>
                <br/>
                <span class="ignored-method-name">quitDriver</span>
                <br/>
              </div> <!-- ignored-methods-div -->
            </div> <!-- ignored-class-div -->
            <div class="ignored-class-div">
              <span class="ignored-class-name">end_to_end_testing.CartCheckOutTests</span>
              <div class="ignored-methods-div">
                <span class="ignored-method-name">quitDriver</span>
                <br/>
                <span class="ignored-method-name">setupDriver</span>
                <br/>
              </div> <!-- ignored-methods-div -->
            </div> <!-- ignored-class-div -->
          </div> <!-- main-panel-content rounded-window-bottom -->
        </div> <!-- panel -->
        <div panel-name="chronological-EndToEnd_Suite" class="panel">
          <div class="main-panel-header rounded-window-top">
            <span class="header-content">Methods in chronological order</span>
          </div> <!-- main-panel-header rounded-window-top -->
          <div class="main-panel-content rounded-window-bottom">
            <div class="chronological-class">
              <div class="chronological-class-name">end_to_end_testing.LoginHomeTest</div> <!-- chronological-class-name -->
              <div class="configuration-suite before">
                <span class="method-name">setupDriver</span>
                <span class="method-start">0 ms</span>
              </div> <!-- configuration-suite before -->
              <div class="configuration-class before">
                <span class="method-name">beforeClass</span>
                <span class="method-start">2107 ms</span>
              </div> <!-- configuration-class before -->
              <div class="test-method">
                <span class="method-name">login(problem_user, secret_sauce)</span>
                <span class="method-start">2162 ms</span>
              </div> <!-- test-method -->
              <div class="test-method">
                <span class="method-name">login(standard_user, secret_sauce)</span>
                <span class="method-start">6376 ms</span>
              </div> <!-- test-method -->
              <div class="test-method">
                <img src="failed.png">
                </img>
                <span class="method-name">testSideBarList(problem_user, secret_sauce)</span>
                <span class="method-start">6846 ms</span>
              </div> <!-- test-method -->
              <div class="test-method">
                <span class="method-name">testSideBarList(standard_user, secret_sauce)</span>
                <span class="method-start">9070 ms</span>
              </div> <!-- test-method -->
              <div class="test-method">
                <img src="failed.png">
                </img>
                <span class="method-name">testAllItemsLink(problem_user, secret_sauce)</span>
                <span class="method-start">10795 ms</span>
              </div> <!-- test-method -->
              <div class="test-method">
                <span class="method-name">testAllItemsLink(standard_user, secret_sauce)</span>
                <span class="method-start">11935 ms</span>
              </div> <!-- test-method -->
              <div class="test-method">
                <span class="method-name">testResetLink(problem_user, secret_sauce)</span>
                <span class="method-start">13109 ms</span>
              </div> <!-- test-method -->
              <div class="test-method">
                <img src="failed.png">
                </img>
                <span class="method-name">testResetLink(standard_user, secret_sauce)</span>
                <span class="method-start">14294 ms</span>
              </div> <!-- test-method -->
              <div class="test-method">
                <span class="method-name">testAboutLink(problem_user, secret_sauce)</span>
                <span class="method-start">15382 ms</span>
              </div> <!-- test-method -->
              <div class="test-method">
                <img src="failed.png">
                </img>
                <span class="method-name">testAboutLink(standard_user, secret_sauce)</span>
                <span class="method-start">30560 ms</span>
              </div> <!-- test-method -->
              <div class="test-method">
                <span class="method-name">delay</span>
                <span class="method-start">31896 ms</span>
              </div> <!-- test-method -->
            </div> <!-- chronological-class -->
            <div class="chronological-class">
              <div class="chronological-class-name">end_to_end_testing.HomeProductCartTests</div> <!-- chronological-class-name -->
              <div class="configuration-class before">
                <span class="method-name">beforeClass</span>
                <span class="method-start">31899 ms</span>
              </div> <!-- configuration-class before -->
              <div class="test-method">
                <span class="method-name">ViewDetailPageAndAddFirstProduct(problem_user, secret_sauce)</span>
                <span class="method-start">31903 ms</span>
              </div> <!-- test-method -->
              <div class="test-method">
                <span class="method-name">ViewDetailPageAndAddFirstProduct(standard_user, secret_sauce)</span>
                <span class="method-start">32319 ms</span>
              </div> <!-- test-method -->
              <div class="test-method">
                <span class="method-name">ViewDetailPageAndAddSecondProduct(problem_user, secret_sauce)</span>
                <span class="method-start">32673 ms</span>
              </div> <!-- test-method -->
              <div class="test-method">
                <span class="method-name">ViewDetailPageAndAddSecondProduct(standard_user, secret_sauce)</span>
                <span class="method-start">32922 ms</span>
              </div> <!-- test-method -->
              <div class="test-method">
                <span class="method-name">ViewDetailPageAndAddThirdProduct(problem_user, secret_sauce)</span>
                <span class="method-start">33179 ms</span>
              </div> <!-- test-method -->
              <div class="test-method">
                <span class="method-name">ViewDetailPageAndAddThirdProduct(standard_user, secret_sauce)</span>
                <span class="method-start">33528 ms</span>
              </div> <!-- test-method -->
              <div class="test-method">
                <img src="failed.png">
                </img>
                <span class="method-name">removeProductAndVerifyCart(problem_user, secret_sauce)</span>
                <span class="method-start">33802 ms</span>
              </div> <!-- test-method -->
              <div class="test-method">
                <img src="failed.png">
                </img>
                <span class="method-name">removeProductAndVerifyCart(standard_user, secret_sauce)</span>
                <span class="method-start">33904 ms</span>
              </div> <!-- test-method -->
              <div class="test-method">
                <span class="method-name">FilterPriceLowToHighAndVerify(problem_user, secret_sauce)</span>
                <span class="method-start">34006 ms</span>
              </div> <!-- test-method -->
              <div class="test-method">
                <span class="method-name">FilterPriceLowToHighAndVerify(standard_user, secret_sauce)</span>
                <span class="method-start">34615 ms</span>
              </div> <!-- test-method -->
              <div class="test-method">
                <span class="method-name">FilterZToAAndVerify(problem_user, secret_sauce)</span>
                <span class="method-start">35117 ms</span>
              </div> <!-- test-method -->
              <div class="test-method">
                <span class="method-name">FilterZToAAndVerify(standard_user, secret_sauce)</span>
                <span class="method-start">35429 ms</span>
              </div> <!-- test-method -->
              <div class="test-method">
                <img src="failed.png">
                </img>
                <span class="method-name">ResetAppState(problem_user, secret_sauce)</span>
                <span class="method-start">35728 ms</span>
              </div> <!-- test-method -->
              <div class="test-method">
                <img src="failed.png">
                </img>
                <span class="method-name">ResetAppState(standard_user, secret_sauce)</span>
                <span class="method-start">35966 ms</span>
              </div> <!-- test-method -->
            </div> <!-- chronological-class -->
            <div class="chronological-class">
              <div class="chronological-class-name">end_to_end_testing.CartCheckOutTests</div> <!-- chronological-class-name -->
              <div class="configuration-class before">
                <span class="method-name">beforeClass</span>
                <span class="method-start">37231 ms</span>
              </div> <!-- configuration-class before -->
              <div class="test-method">
                <span class="method-name">checkoutFlowMissingLastName</span>
                <span class="method-start">37243 ms</span>
              </div> <!-- test-method -->
              <div class="test-method">
                <span class="method-name">checkoutFlowMissingPostalCode</span>
                <span class="method-start">37905 ms</span>
              </div> <!-- test-method -->
              <div class="test-method">
                <span class="method-name">checkoutFlowValidUser</span>
                <span class="method-start">38465 ms</span>
              </div> <!-- test-method -->
            </div> <!-- chronological-class -->
            <div class="chronological-class">
              <div class="chronological-class-name">end_to_end_testing.LoginHomeTest</div> <!-- chronological-class-name -->
              <div class="configuration-suite after">
                <span class="method-name">quitDriver</span>
                <span class="method-start">39250 ms</span>
              </div> <!-- configuration-suite after -->
          </div> <!-- main-panel-content rounded-window-bottom -->
        </div> <!-- panel -->
      </div> <!-- main-panel-root -->
    </div> <!-- wrapper -->
  </body>
<script type="text/javascript" src="testng-reports2.js"></script>
</html>
