<?xml version="1.0" encoding="UTF-8"?>
<!-- Generated by org.testng.reporters.JUnitReportReporter -->
<testsuite hostname="DESKTOP-8PK3HGB" failures="0" tests="3" name="end_to_end_testing.CartCheckOutTests" time="1.931" errors="0" timestamp="2025-11-29T20:45:50 EET" skipped="0">
  <testcase classname="end_to_end_testing.CartCheckOutTests" name="checkoutFlowValidUser" time="0.711"/>
  <testcase classname="end_to_end_testing.CartCheckOutTests" name="checkoutFlowMissingPostalCode" time="0.559"/>
  <testcase classname="end_to_end_testing.CartCheckOutTests" name="checkoutFlowMissingLastName" time="0.661"/>
</testsuite> <!-- end_to_end_testing.CartCheckOutTests -->
